Using pre-set license
Built from '2022.3/staging' branch; Version is '2022.3.16f1 (d2c21f0ef2f1) revision 13812255'; Using compiler version '192829333'; Build Type 'Release'
OS: 'Windows 11  (10.0.26200) 64bit CoreSingleLanguage' Language: 'en' Physical Memory: 7514 MB
BatchMode: 1, IsHumanControllingUs: 0, StartBugReporterOnCrash: 0, Is64bit: 1, IsPro: 1

COMMAND LINE ARGUMENTS:
C:\Program Files\Unity\Hub\Editor\2022.3.16f1\Editor\Unity.exe
-adb2
-batchMode
-noUpm
-name
AssetImportWorker1
-projectPath
D:/huyLamGameUnity/Demo Thread
-logFile
Logs/AssetImportWorker1.log
-srvPort
57514
Successfully changed project path to: D:/huyLamGameUnity/Demo Thread
D:/huyLamGameUnity/Demo Thread
[UnityMemory] Configuration Parameters - Can be set up in boot.config
    "memorysetup-bucket-allocator-granularity=16"
    "memorysetup-bucket-allocator-bucket-count=8"
    "memorysetup-bucket-allocator-block-size=33554432"
    "memorysetup-bucket-allocator-block-count=8"
    "memorysetup-main-allocator-block-size=16777216"
    "memorysetup-thread-allocator-block-size=16777216"
    "memorysetup-gfx-main-allocator-block-size=16777216"
    "memorysetup-gfx-thread-allocator-block-size=16777216"
    "memorysetup-cache-allocator-block-size=4194304"
    "memorysetup-typetree-allocator-block-size=2097152"
    "memorysetup-profiler-bucket-allocator-granularity=16"
    "memorysetup-profiler-bucket-allocator-bucket-count=8"
    "memorysetup-profiler-bucket-allocator-block-size=33554432"
    "memorysetup-profiler-bucket-allocator-block-count=8"
    "memorysetup-profiler-allocator-block-size=16777216"
    "memorysetup-profiler-editor-allocator-block-size=1048576"
    "memorysetup-temp-allocator-size-main=16777216"
    "memorysetup-job-temp-allocator-block-size=2097152"
    "memorysetup-job-temp-allocator-block-size-background=1048576"
    "memorysetup-job-temp-allocator-reduction-small-platforms=262144"
    "memorysetup-allocator-temp-initial-block-size-main=262144"
    "memorysetup-allocator-temp-initial-block-size-worker=262144"
    "memorysetup-temp-allocator-size-background-worker=32768"
    "memorysetup-temp-allocator-size-job-worker=262144"
    "memorysetup-temp-allocator-size-preload-manager=33554432"
    "memorysetup-temp-allocator-size-nav-mesh-worker=65536"
    "memorysetup-temp-allocator-size-audio-worker=65536"
    "memorysetup-temp-allocator-size-cloud-worker=32768"
    "memorysetup-temp-allocator-size-gi-baking-worker=262144"
    "memorysetup-temp-allocator-size-gfx=262144"
Player connection [17380] Host "[IP] 192.168.1.164 [Port] 0 [Flags] 2 [Guid] 1664405301 [EditorId] 1664405301 [Version] 1048832 [Id] WindowsEditor(7,Hacker-Earth) [Debug] 1 [PackageName] WindowsEditor [ProjectName] Editor" joined multi-casting on [225.0.0.222:54997]...

Player connection [17380] Host "[IP] 192.168.1.164 [Port] 0 [Flags] 2 [Guid] 1664405301 [EditorId] 1664405301 [Version] 1048832 [Id] WindowsEditor(7,Hacker-Earth) [Debug] 1 [PackageName] WindowsEditor [ProjectName] Editor" joined alternative multi-casting on [225.0.0.222:34997]...

[Physics::Module] Initialized MultithreadedJobDispatcher with 11 workers.
Refreshing native plugins compatible for Editor in 8.62 ms, found 3 plugins.
Preloading 0 native plugins for Editor in 0.00 ms.
Initialize engine version: 2022.3.16f1 (d2c21f0ef2f1)
[Subsystems] Discovering subsystems at path C:/Program Files/Unity/Hub/Editor/2022.3.16f1/Editor/Data/Resources/UnitySubsystems
[Subsystems] Discovering subsystems at path D:/huyLamGameUnity/Demo Thread/Assets
GfxDevice: creating device client; threaded=0; jobified=0
Direct3D:
    Version:  Direct3D 11.0 [level 11.1]
    Renderer: NVIDIA GeForce GTX 1650 (ID=0x1f9d)
    Vendor:   NVIDIA
    VRAM:     3962 MB
    Driver:   27.21.14.5734
Initialize mono
Mono path[0] = 'C:/Program Files/Unity/Hub/Editor/2022.3.16f1/Editor/Data/Managed'
Mono path[1] = 'C:/Program Files/Unity/Hub/Editor/2022.3.16f1/Editor/Data/MonoBleedingEdge/lib/mono/unityjit-win32'
Mono config path = 'C:/Program Files/Unity/Hub/Editor/2022.3.16f1/Editor/Data/MonoBleedingEdge/etc'
Using monoOptions --debugger-agent=transport=dt_socket,embedding=1,server=y,suspend=n,address=127.0.0.1:56352
Begin MonoManager ReloadAssembly
Registering precompiled unity dll's ...
Register platform support module: C:/Program Files/Unity/Hub/Editor/2022.3.16f1/Editor/Data/PlaybackEngines/WebGLSupport/UnityEditor.WebGL.Extensions.dll
Register platform support module: C:/Program Files/Unity/Hub/Editor/2022.3.16f1/Editor/Data/PlaybackEngines/AndroidPlayer/UnityEditor.Android.Extensions.dll
Register platform support module: C:/Program Files/Unity/Hub/Editor/2022.3.16f1/Editor/Data/PlaybackEngines/WindowsStandaloneSupport/UnityEditor.WindowsStandalone.Extensions.dll
Registered in 0.011975 seconds.
- Loaded All Assemblies, in  0.467 seconds
Native extension for WindowsStandalone target not found
Native extension for Android target not found
Android Extension - Scanning For ADB Devices 385 ms
Native extension for WebGL target not found
Mono: successfully reloaded assembly
- Finished resetting the current domain, in  0.875 seconds
Domain Reload Profiling: 1340ms
	BeginReloadAssembly (150ms)
		ExecutionOrderSort (0ms)
		DisableScriptedObjects (0ms)
		BackupInstance (0ms)
		ReleaseScriptingObjects (0ms)
		CreateAndSetChildDomain (1ms)
	RebuildCommonClasses (41ms)
	RebuildNativeTypeToScriptingClass (14ms)
	initialDomainReloadingComplete (72ms)
	LoadAllAssembliesAndSetupDomain (189ms)
		LoadAssemblies (148ms)
		RebuildTransferFunctionScriptingTraits (0ms)
		AnalyzeDomain (185ms)
			TypeCache.Refresh (182ms)
				TypeCache.ScanAssembly (160ms)
			ScanForSourceGeneratedMonoScriptInfo (1ms)
			ResolveRequiredComponents (1ms)
	FinalizeReload (875ms)
		ReleaseScriptCaches (0ms)
		RebuildScriptCaches (0ms)
		SetupLoadedEditorAssemblies (806ms)
			LogAssemblyErrors (0ms)
			InitializePlatformSupportModulesInManaged (521ms)
			SetLoadedEditorAssemblies (8ms)
			RefreshPlugins (0ms)
			BeforeProcessingInitializeOnLoad (3ms)
			ProcessInitializeOnLoadAttributes (208ms)
			ProcessInitializeOnLoadMethodAttributes (65ms)
			AfterProcessingInitializeOnLoad (0ms)
			EditorAssembliesLoaded (0ms)
		ExecutionOrderSort2 (0ms)
		AwakeInstancesAfterBackupRestoration (0ms)
========================================================================
Worker process is ready to serve import requests
Begin MonoManager ReloadAssembly
- Loaded All Assemblies, in  1.052 seconds
Refreshing native plugins compatible for Editor in 3.48 ms, found 3 plugins.
Native extension for WindowsStandalone target not found
Native extension for Android target not found
Native extension for WebGL target not found
Mono: successfully reloaded assembly
- Finished resetting the current domain, in  0.869 seconds
Domain Reload Profiling: 1918ms
	BeginReloadAssembly (212ms)
		ExecutionOrderSort (0ms)
		DisableScriptedObjects (8ms)
		BackupInstance (0ms)
		ReleaseScriptingObjects (0ms)
		CreateAndSetChildDomain (31ms)
	RebuildCommonClasses (49ms)
	RebuildNativeTypeToScriptingClass (13ms)
	initialDomainReloadingComplete (63ms)
	LoadAllAssembliesAndSetupDomain (711ms)
		LoadAssemblies (592ms)
		RebuildTransferFunctionScriptingTraits (0ms)
		AnalyzeDomain (249ms)
			TypeCache.Refresh (223ms)
				TypeCache.ScanAssembly (202ms)
			ScanForSourceGeneratedMonoScriptInfo (19ms)
			ResolveRequiredComponents (4ms)
	FinalizeReload (869ms)
		ReleaseScriptCaches (0ms)
		RebuildScriptCaches (0ms)
		SetupLoadedEditorAssemblies (645ms)
			LogAssemblyErrors (0ms)
			InitializePlatformSupportModulesInManaged (41ms)
			SetLoadedEditorAssemblies (3ms)
			RefreshPlugins (0ms)
			BeforeProcessingInitializeOnLoad (72ms)
			ProcessInitializeOnLoadAttributes (478ms)
			ProcessInitializeOnLoadMethodAttributes (38ms)
			AfterProcessingInitializeOnLoad (12ms)
			EditorAssembliesLoaded (0ms)
		ExecutionOrderSort2 (0ms)
		AwakeInstancesAfterBackupRestoration (11ms)
Launched and connected shader compiler UnityShaderCompiler.exe after 0.08 seconds
Refreshing native plugins compatible for Editor in 3.30 ms, found 3 plugins.
Preloading 0 native plugins for Editor in 0.00 ms.
Unloading 3265 Unused Serialized files (Serialized files now loaded: 0)
Unloading 31 unused Assets / (57.2 KB). Loaded Objects now: 3731.
Memory consumption went from 135.5 MB to 135.4 MB.
Total: 5.579100 ms (FindLiveObjects: 0.443700 ms CreateObjectMapping: 0.114600 ms MarkObjects: 4.807700 ms  DeleteObjects: 0.211000 ms)

AssetImportParameters requested are different than current active one (requested -> active):
  custom:container-demuxer-ogg: 62fdf1f143b41e24485cea50d1cbac27 -> 
  custom:video-decoder-ogg-theora: a1e56fd34408186e4bbccfd4996cb3dc -> 
  custom:framework-win-MediaFoundation: 216162199b28c13a410421893ffa2e32 -> 
  custom:CustomObjectIndexerAttribute: 43b350a4d6e6d1791af0b5038c4bea17 -> 
  custom:container-demuxer-webm: 4f35f7cbe854078d1ac9338744f61a02 -> 
  custom:container-muxer-webm: aa71ff27fc2769a1b78a27578f13a17b -> 
  custom:video-decoder-webm-vp8: 9c59270c3fd7afecdb556c50c9e8de78 -> 
  custom:SearchIndexIgnoredProperties: e643bd26f0fe6173181afceb89e7c659 -> 
  custom:AudioImporter_EditorPlatform: d09bf68614088b80899f8185d706f6e7 -> 
  custom:video-encoder-webm-vp8: eb34c28f22e8b96e1ab97ce403110664 -> 
  custom:audio-decoder-ogg-vorbis: bf7c407c2cedff20999df2af8eb42d56 -> 
  custom:audio-encoder-webm-vorbis: bf7c407c2cedff20999df2af8eb42d56 -> 
========================================================================
Received Import Request.
  Time since last request: 820327.753899 seconds.
  path: Assets/FreeAssetOnInternet/ItchIo/VNB - Office Set/Textures/palette2.png
  artifactKey: Guid(c5f00f9fe87068048a150981ba00e9cc) Importer(2089858483,0ecaa5967403d082aa24f35e1b516d23)
Start importing Assets/FreeAssetOnInternet/ItchIo/VNB - Office Set/Textures/palette2.png using Guid(c5f00f9fe87068048a150981ba00e9cc) Importer(2089858483,0ecaa5967403d082aa24f35e1b516d23) Generated GUIDs only implemented for interfaces!
 -> (artifact id: 'b80a5dbb1df96f1bfd96919b16cfb48a') in 0.218797 seconds
Number of updated asset objects reloaded before import = 0
Number of asset objects unloaded after import = 3
========================================================================
Received Import Request.
  Time since last request: 0.000087 seconds.
  path: Assets/FreeAssetOnInternet/ItchIo/VNB - Office Set/Prefabs/Deco/book_2.prefab
  artifactKey: Guid(95673e01729d3ee4f90a32ee9a726ce6) Importer(2089858483,0ecaa5967403d082aa24f35e1b516d23)
Start importing Assets/FreeAssetOnInternet/ItchIo/VNB - Office Set/Prefabs/Deco/book_2.prefab using Guid(95673e01729d3ee4f90a32ee9a726ce6) Importer(2089858483,0ecaa5967403d082aa24f35e1b516d23) Generated GUIDs only implemented for interfaces!
 -> (artifact id: 'eb5f22ff7ebfede2940b492f69077b10') in 0.063772 seconds
Number of updated asset objects reloaded before import = 0
Number of asset objects unloaded after import = 7
========================================================================
Received Import Request.
  Time since last request: 0.000051 seconds.
  path: Assets/FreeAssetOnInternet/ItchIo/VNB - Office Set/ReadMe.txt
  artifactKey: Guid(7775daa797174f64986a52cda8c411ed) Importer(2089858483,0ecaa5967403d082aa24f35e1b516d23)
Start importing Assets/FreeAssetOnInternet/ItchIo/VNB - Office Set/ReadMe.txt using Guid(7775daa797174f64986a52cda8c411ed) Importer(2089858483,0ecaa5967403d082aa24f35e1b516d23) Generated GUIDs only implemented for interfaces!
 -> (artifact id: '496f9483bb5e6305d6132caf49a36df5') in 0.035853 seconds
Number of updated asset objects reloaded before import = 0
Number of asset objects unloaded after import = 1
========================================================================
Received Import Request.
  Time since last request: 0.000109 seconds.
  path: Assets/FreeAssetOnInternet/ItchIo/VNB - Office Set/Prefabs/Building/floor_tile.prefab
  artifactKey: Guid(a55c555f579cc3647bf8aaf8116217a9) Importer(2089858483,0ecaa5967403d082aa24f35e1b516d23)
Start importing Assets/FreeAssetOnInternet/ItchIo/VNB - Office Set/Prefabs/Building/floor_tile.prefab using Guid(a55c555f579cc3647bf8aaf8116217a9) Importer(2089858483,0ecaa5967403d082aa24f35e1b516d23) Generated GUIDs only implemented for interfaces!
 -> (artifact id: '0f901c6edbc04086fcccf431243b5d86') in 0.046880 seconds
Number of updated asset objects reloaded before import = 0
Number of asset objects unloaded after import = 8
========================================================================
Received Import Request.
  Time since last request: 0.000043 seconds.
  path: Assets/FreeAssetOnInternet/ItchIo/VNB - Office Set/Textures/palette4.png
  artifactKey: Guid(6e3c57a0c70736f489c4ed55e6fe8ed9) Importer(2089858483,0ecaa5967403d082aa24f35e1b516d23)
Start importing Assets/FreeAssetOnInternet/ItchIo/VNB - Office Set/Textures/palette4.png using Guid(6e3c57a0c70736f489c4ed55e6fe8ed9) Importer(2089858483,0ecaa5967403d082aa24f35e1b516d23) Generated GUIDs only implemented for interfaces!
 -> (artifact id: '2e20fbdab0a0a5e1543ca60cf0d2a665') in 0.072849 seconds
Number of updated asset objects reloaded before import = 0
Number of asset objects unloaded after import = 3
========================================================================
Received Import Request.
  Time since last request: 0.000124 seconds.
  path: Assets/FreeAssetOnInternet/ItchIo/VNB - Office Set/Prefabs/Furniture/table.prefab
  artifactKey: Guid(2441fd2cb3b5a7c43bab08d72dd45e87) Importer(2089858483,0ecaa5967403d082aa24f35e1b516d23)
Start importing Assets/FreeAssetOnInternet/ItchIo/VNB - Office Set/Prefabs/Furniture/table.prefab using Guid(2441fd2cb3b5a7c43bab08d72dd45e87) Importer(2089858483,0ecaa5967403d082aa24f35e1b516d23) Generated GUIDs only implemented for interfaces!
 -> (artifact id: 'd867c9d3c859ed30118d282b5d4ba50f') in 0.043680 seconds
Number of updated asset objects reloaded before import = 0
Number of asset objects unloaded after import = 8
========================================================================
Received Import Request.
  Time since last request: 0.000072 seconds.
  path: Assets/Script/Player/PlayerMovement.cs
  artifactKey: Guid(4c3e38d93ebf4dd4b8ec52d0236a37a3) Importer(2089858483,0ecaa5967403d082aa24f35e1b516d23)
Start importing Assets/Script/Player/PlayerMovement.cs using Guid(4c3e38d93ebf4dd4b8ec52d0236a37a3) Importer(2089858483,0ecaa5967403d082aa24f35e1b516d23) Generated GUIDs only implemented for interfaces!
 -> (artifact id: 'e6837c0dd057b5145aed8b465e3e180e') in 0.044645 seconds
Number of updated asset objects reloaded before import = 0
Number of asset objects unloaded after import = 1
========================================================================
Received Import Request.
  Time since last request: 0.000042 seconds.
  path: Assets/FreeAssetOnInternet/ItchIo/VNB - Office Set/Prefabs/Deco/book_3.prefab
  artifactKey: Guid(b63f3746063691e49b6baf823257f173) Importer(2089858483,0ecaa5967403d082aa24f35e1b516d23)
Start importing Assets/FreeAssetOnInternet/ItchIo/VNB - Office Set/Prefabs/Deco/book_3.prefab using Guid(b63f3746063691e49b6baf823257f173) Importer(2089858483,0ecaa5967403d082aa24f35e1b516d23) Generated GUIDs only implemented for interfaces!
 -> (artifact id: '2afc4068b4f5ad20feb4ccadd2926dba') in 0.050393 seconds
Number of updated asset objects reloaded before import = 0
Number of asset objects unloaded after import = 7
========================================================================
Received Import Request.
  Time since last request: 0.000162 seconds.
  path: Assets/FreeAssetOnInternet/ItchIo/VNB - Office Set/Prefabs/Deco/small_painting.prefab
  artifactKey: Guid(e58f3a007909fa84ba968739582b4af6) Importer(2089858483,0ecaa5967403d082aa24f35e1b516d23)
Start importing Assets/FreeAssetOnInternet/ItchIo/VNB - Office Set/Prefabs/Deco/small_painting.prefab using Guid(e58f3a007909fa84ba968739582b4af6) Importer(2089858483,0ecaa5967403d082aa24f35e1b516d23) Generated GUIDs only implemented for interfaces!
 -> (artifact id: '807a938950305d3599132505c8da2885') in 0.058889 seconds
Number of updated asset objects reloaded before import = 0
Number of asset objects unloaded after import = 8
========================================================================
Received Import Request.
  Time since last request: 0.000089 seconds.
  path: Assets/Script/Camera
  artifactKey: Guid(f31ba6417e72fb04ea82cea71f18c733) Importer(2089858483,0ecaa5967403d082aa24f35e1b516d23)
Start importing Assets/Script/Camera using Guid(f31ba6417e72fb04ea82cea71f18c733) Importer(2089858483,0ecaa5967403d082aa24f35e1b516d23) Generated GUIDs only implemented for interfaces!
 -> (artifact id: '26051a06a0f7505cf4d9454b405a3669') in 0.040409 seconds
Number of updated asset objects reloaded before import = 0
Number of asset objects unloaded after import = 1
========================================================================
Received Import Request.
  Time since last request: 0.000053 seconds.
  path: Assets/FreeAssetOnInternet/ItchIo/VNB - Office Set/Prefabs/Food/bread_slice.prefab
  artifactKey: Guid(9ccb184310ba6b642baf8e099704aa4a) Importer(2089858483,0ecaa5967403d082aa24f35e1b516d23)
Start importing Assets/FreeAssetOnInternet/ItchIo/VNB - Office Set/Prefabs/Food/bread_slice.prefab using Guid(9ccb184310ba6b642baf8e099704aa4a) Importer(2089858483,0ecaa5967403d082aa24f35e1b516d23) Generated GUIDs only implemented for interfaces!
 -> (artifact id: '49be602504008cebcc4588625dc30ad9') in 0.047621 seconds
Number of updated asset objects reloaded before import = 0
Number of asset objects unloaded after import = 7
========================================================================
Received Import Request.
  Time since last request: 0.000108 seconds.
  path: Assets/FreeAssetOnInternet/ItchIo/VNB - Office Set/Prefabs/Furniture/bookshelf_locked.prefab
  artifactKey: Guid(8a482249a59d4014c981a62156c484a8) Importer(2089858483,0ecaa5967403d082aa24f35e1b516d23)
Start importing Assets/FreeAssetOnInternet/ItchIo/VNB - Office Set/Prefabs/Furniture/bookshelf_locked.prefab using Guid(8a482249a59d4014c981a62156c484a8) Importer(2089858483,0ecaa5967403d082aa24f35e1b516d23) Generated GUIDs only implemented for interfaces!
 -> (artifact id: 'f80c7a2822743b67ea890c80515f9ba9') in 0.038388 seconds
Number of updated asset objects reloaded before import = 0
Number of asset objects unloaded after import = 92
========================================================================
Received Import Request.
  Time since last request: 0.000052 seconds.
  path: Assets/FreeAssetOnInternet/ItchIo/VNB - Office Set/Prefabs/Food/cup_empty.prefab
  artifactKey: Guid(2b4b2d3c2fe32b447bb43bd805a19cee) Importer(2089858483,0ecaa5967403d082aa24f35e1b516d23)
Start importing Assets/FreeAssetOnInternet/ItchIo/VNB - Office Set/Prefabs/Food/cup_empty.prefab using Guid(2b4b2d3c2fe32b447bb43bd805a19cee) Importer(2089858483,0ecaa5967403d082aa24f35e1b516d23) Generated GUIDs only implemented for interfaces!
 -> (artifact id: '2c1cf0a627b0e494d27f127390678dec') in 0.037688 seconds
Number of updated asset objects reloaded before import = 0
Number of asset objects unloaded after import = 7
========================================================================
Received Import Request.
  Time since last request: 0.000038 seconds.
  path: Assets/FreeAssetOnInternet/ItchIo/VNB - Office Set/Prefabs/Building/wall_standard_s-deco.prefab
  artifactKey: Guid(acbfeb26b5847054790bad6266d4ecd6) Importer(2089858483,0ecaa5967403d082aa24f35e1b516d23)
Start importing Assets/FreeAssetOnInternet/ItchIo/VNB - Office Set/Prefabs/Building/wall_standard_s-deco.prefab using Guid(acbfeb26b5847054790bad6266d4ecd6) Importer(2089858483,0ecaa5967403d082aa24f35e1b516d23) Generated GUIDs only implemented for interfaces!
 -> (artifact id: 'ae468ed28d41551534756c026c4eba34') in 0.040469 seconds
Number of updated asset objects reloaded before import = 0
Number of asset objects unloaded after import = 8
========================================================================
Received Import Request.
  Time since last request: 0.000047 seconds.
  path: Assets/FreeAssetOnInternet/ItchIo/VNB - Office Set/Textures/palette1.png
  artifactKey: Guid(f545116a0c5c6244b8d9a33d2c8813d9) Importer(2089858483,0ecaa5967403d082aa24f35e1b516d23)
Start importing Assets/FreeAssetOnInternet/ItchIo/VNB - Office Set/Textures/palette1.png using Guid(f545116a0c5c6244b8d9a33d2c8813d9) Importer(2089858483,0ecaa5967403d082aa24f35e1b516d23) Generated GUIDs only implemented for interfaces!
 -> (artifact id: 'f7e963f29403ecaa5bb33da3891f3b4d') in 0.061505 seconds
Number of updated asset objects reloaded before import = 0
Number of asset objects unloaded after import = 3
========================================================================
Received Import Request.
  Time since last request: 0.000040 seconds.
  path: Assets/FreeAssetOnInternet/ItchIo/VNB - Office Set/Prefabs/Deco/whiteboard_eraser.prefab
  artifactKey: Guid(3962d8b94c80dae44b13e7d28b2e60df) Importer(2089858483,0ecaa5967403d082aa24f35e1b516d23)
Start importing Assets/FreeAssetOnInternet/ItchIo/VNB - Office Set/Prefabs/Deco/whiteboard_eraser.prefab using Guid(3962d8b94c80dae44b13e7d28b2e60df) Importer(2089858483,0ecaa5967403d082aa24f35e1b516d23) Generated GUIDs only implemented for interfaces!
 -> (artifact id: 'b2a38241d344e6f0128643b0f1ab8060') in 0.049635 seconds
Number of updated asset objects reloaded before import = 0
Number of asset objects unloaded after import = 8
========================================================================
Received Import Request.
  Time since last request: 0.000058 seconds.
  path: Assets/Scenes/SampleScene.unity
  artifactKey: Guid(9fc0d4010bbf28b4594072e72b8655ab) Importer(2089858483,0ecaa5967403d082aa24f35e1b516d23)
Start importing Assets/Scenes/SampleScene.unity using Guid(9fc0d4010bbf28b4594072e72b8655ab) Importer(2089858483,0ecaa5967403d082aa24f35e1b516d23) Generated GUIDs only implemented for interfaces!
 -> (artifact id: '958d4db28f2e49245c677020450aa707') in 0.030779 seconds
Number of updated asset objects reloaded before import = 0
Number of asset objects unloaded after import = 1
========================================================================
Received Import Request.
  Time since last request: 0.000070 seconds.
  path: Assets/FreeAssetOnInternet/ItchIo/VNB - Office Set/Materials/board_doc_1.mat
  artifactKey: Guid(0c1ac2d62e3f8954fabb8380d3153714) Importer(2089858483,0ecaa5967403d082aa24f35e1b516d23)
Start importing Assets/FreeAssetOnInternet/ItchIo/VNB - Office Set/Materials/board_doc_1.mat using Guid(0c1ac2d62e3f8954fabb8380d3153714) Importer(2089858483,0ecaa5967403d082aa24f35e1b516d23) Generated GUIDs only implemented for interfaces!
 -> (artifact id: '75e29c95fc879d2e8be66e3ce7e34e8e') in 0.070002 seconds
Number of updated asset objects reloaded before import = 0
Number of asset objects unloaded after import = 2
========================================================================
Received Import Request.
  Time since last request: 0.000066 seconds.
  path: Assets/FreeAssetOnInternet/ItchIo/VNB - Office Set/Textures/screens.png
  artifactKey: Guid(ee278633add2d514ba56a3b6b5f64f68) Importer(2089858483,0ecaa5967403d082aa24f35e1b516d23)
Start importing Assets/FreeAssetOnInternet/ItchIo/VNB - Office Set/Textures/screens.png using Guid(ee278633add2d514ba56a3b6b5f64f68) Importer(2089858483,0ecaa5967403d082aa24f35e1b516d23) Generated GUIDs only implemented for interfaces!
 -> (artifact id: 'b2b4ef11dba39363608bde9e2f56a8e5') in 0.055123 seconds
Number of updated asset objects reloaded before import = 0
Number of asset objects unloaded after import = 1
========================================================================
Received Import Request.
  Time since last request: 0.000039 seconds.
  path: Assets/FreeAssetOnInternet/ItchIo/VNB - Office Set/Prefabs/Deco/briefcaase.prefab
  artifactKey: Guid(7f74448ef4246e547921d8b2ddcb3006) Importer(2089858483,0ecaa5967403d082aa24f35e1b516d23)
Start importing Assets/FreeAssetOnInternet/ItchIo/VNB - Office Set/Prefabs/Deco/briefcaase.prefab using Guid(7f74448ef4246e547921d8b2ddcb3006) Importer(2089858483,0ecaa5967403d082aa24f35e1b516d23) Generated GUIDs only implemented for interfaces!
 -> (artifact id: 'f84082caca289534cf9e7c6a531abc17') in 0.043582 seconds
Number of updated asset objects reloaded before import = 0
Number of asset objects unloaded after import = 8
========================================================================
Received Import Request.
  Time since last request: 0.000055 seconds.
  path: Assets/FreeAssetOnInternet/ItchIo/VNB - Office Set/Prefabs/Food/simple_sandwich.prefab
  artifactKey: Guid(34ecb44a5fec32e49af781e1989421c8) Importer(2089858483,0ecaa5967403d082aa24f35e1b516d23)
Start importing Assets/FreeAssetOnInternet/ItchIo/VNB - Office Set/Prefabs/Food/simple_sandwich.prefab using Guid(34ecb44a5fec32e49af781e1989421c8) Importer(2089858483,0ecaa5967403d082aa24f35e1b516d23) Generated GUIDs only implemented for interfaces!
 -> (artifact id: '446dd95f8c0af99e288b5954ee0a3d71') in 0.036096 seconds
Number of updated asset objects reloaded before import = 0
Number of asset objects unloaded after import = 41
========================================================================
Received Import Request.
  Time since last request: 0.000089 seconds.
  path: Assets/FreeAssetOnInternet/ItchIo/VNB - Office Set/Materials
  artifactKey: Guid(8175572f2056a03479ec2f3f88030029) Importer(2089858483,0ecaa5967403d082aa24f35e1b516d23)
Start importing Assets/FreeAssetOnInternet/ItchIo/VNB - Office Set/Materials using Guid(8175572f2056a03479ec2f3f88030029) Importer(2089858483,0ecaa5967403d082aa24f35e1b516d23) Generated GUIDs only implemented for interfaces!
 -> (artifact id: '28b7476fffd3f431af3940816fce3873') in 0.031844 seconds
Number of updated asset objects reloaded before import = 0
Number of asset objects unloaded after import = 1
========================================================================
Received Import Request.
  Time since last request: 0.000065 seconds.
  path: Assets/FreeAssetOnInternet/ItchIo/VNB - Office Set/Prefabs/Furniture/lamp_small.prefab
  artifactKey: Guid(cf61fa18617b84044a7a5e27d47719dc) Importer(2089858483,0ecaa5967403d082aa24f35e1b516d23)
Start importing Assets/FreeAssetOnInternet/ItchIo/VNB - Office Set/Prefabs/Furniture/lamp_small.prefab using Guid(cf61fa18617b84044a7a5e27d47719dc) Importer(2089858483,0ecaa5967403d082aa24f35e1b516d23) Generated GUIDs only implemented for interfaces!
 -> (artifact id: 'ca0b11f7f1b3db3afdb3fdb55ddef020') in 0.041010 seconds
Number of updated asset objects reloaded before import = 0
Number of asset objects unloaded after import = 11
========================================================================
Received Import Request.
  Time since last request: 0.000039 seconds.
  path: Assets/FreeAssetOnInternet/ItchIo/VNB - Office Set/Materials/palette_1.mat
  artifactKey: Guid(fd3f28898aa4320409895499ca6515fe) Importer(2089858483,0ecaa5967403d082aa24f35e1b516d23)
Start importing Assets/FreeAssetOnInternet/ItchIo/VNB - Office Set/Materials/palette_1.mat using Guid(fd3f28898aa4320409895499ca6515fe) Importer(2089858483,0ecaa5967403d082aa24f35e1b516d23) Generated GUIDs only implemented for interfaces!
 -> (artifact id: '46800b3a8584b5999414462f3b22edfc') in 0.043357 seconds
Number of updated asset objects reloaded before import = 0
Number of asset objects unloaded after import = 2
========================================================================
Received Import Request.
  Time since last request: 0.000089 seconds.
  path: Assets/Scenes/SampleScene/OcclusionCullingData.asset
  artifactKey: Guid(b67af2397bdfb9744bd86d127530686d) Importer(815301076,1909f56bfc062723c751e8b465ee728b)
Start importing Assets/Scenes/SampleScene/OcclusionCullingData.asset using Guid(b67af2397bdfb9744bd86d127530686d) Importer(815301076,1909f56bfc062723c751e8b465ee728b)  -> (artifact id: 'add7abfd88030c022522822e758c7194') in 0.021142 seconds
Number of updated asset objects reloaded before import = 0
Number of asset objects unloaded after import = 1
========================================================================
Received Import Request.
  Time since last request: 0.000038 seconds.
  path: Assets/FreeAssetOnInternet/ItchIo/VNB - Office Set/Prefabs/Furniture/shelf.prefab
  artifactKey: Guid(66db9ad9447bb6c4cb0892a19dccca07) Importer(2089858483,0ecaa5967403d082aa24f35e1b516d23)
Start importing Assets/FreeAssetOnInternet/ItchIo/VNB - Office Set/Prefabs/Furniture/shelf.prefab using Guid(66db9ad9447bb6c4cb0892a19dccca07) Importer(2089858483,0ecaa5967403d082aa24f35e1b516d23) Generated GUIDs only implemented for interfaces!
 -> (artifact id: 'a680e7a2113935303ae4ec22011ad15d') in 0.046940 seconds
Number of updated asset objects reloaded before import = 0
Number of asset objects unloaded after import = 51
========================================================================
Received Import Request.
  Time since last request: 0.000032 seconds.
  path: Assets/FreeAssetOnInternet/ItchIo/VNB - Office Set/Materials/rug_1.mat
  artifactKey: Guid(40cd8cb513adb7e4e8c19c0775cbdc30) Importer(2089858483,0ecaa5967403d082aa24f35e1b516d23)
Start importing Assets/FreeAssetOnInternet/ItchIo/VNB - Office Set/Materials/rug_1.mat using Guid(40cd8cb513adb7e4e8c19c0775cbdc30) Importer(2089858483,0ecaa5967403d082aa24f35e1b516d23) Generated GUIDs only implemented for interfaces!
 -> (artifact id: '2da67cc3846b3f5b0bbbba236c45add9') in 0.044347 seconds
Number of updated asset objects reloaded before import = 0
Number of asset objects unloaded after import = 2
========================================================================
Received Import Request.
  Time since last request: 0.000033 seconds.
  path: Assets/FreeAssetOnInternet/ItchIo/VNB - Office Set/Prefabs/Deco/box.prefab
  artifactKey: Guid(ec9f1d628d275974dab15260848fefbd) Importer(2089858483,0ecaa5967403d082aa24f35e1b516d23)
Start importing Assets/FreeAssetOnInternet/ItchIo/VNB - Office Set/Prefabs/Deco/box.prefab using Guid(ec9f1d628d275974dab15260848fefbd) Importer(2089858483,0ecaa5967403d082aa24f35e1b516d23) Generated GUIDs only implemented for interfaces!
 -> (artifact id: '994ae09fd23e5d0de4bbfce2b452a68a') in 0.036695 seconds
Number of updated asset objects reloaded before import = 0
Number of asset objects unloaded after import = 25
========================================================================
Received Import Request.
  Time since last request: 0.000057 seconds.
  path: Assets/FreeAssetOnInternet/ItchIo/VNB - Office Set/Prefabs/Building/wall_standard_wood_alt_3.prefab
  artifactKey: Guid(50e9d694213653a4e8d1111b9281bbaf) Importer(2089858483,0ecaa5967403d082aa24f35e1b516d23)
Start importing Assets/FreeAssetOnInternet/ItchIo/VNB - Office Set/Prefabs/Building/wall_standard_wood_alt_3.prefab using Guid(50e9d694213653a4e8d1111b9281bbaf) Importer(2089858483,0ecaa5967403d082aa24f35e1b516d23) Generated GUIDs only implemented for interfaces!
 -> (artifact id: '5381c4a05057d47a127b170dcba7f65b') in 0.033062 seconds
Number of updated asset objects reloaded before import = 0
Number of asset objects unloaded after import = 9
========================================================================
Received Import Request.
  Time since last request: 0.000051 seconds.
  path: Assets/TextMesh Pro/Resources/Fonts & Materials/LiberationSans SDF - Drop Shadow.mat
  artifactKey: Guid(e73a58f6e2794ae7b1b7e50b7fb811b0) Importer(2089858483,0ecaa5967403d082aa24f35e1b516d23)
Start importing Assets/TextMesh Pro/Resources/Fonts & Materials/LiberationSans SDF - Drop Shadow.mat using Guid(e73a58f6e2794ae7b1b7e50b7fb811b0) Importer(2089858483,0ecaa5967403d082aa24f35e1b516d23) Generated GUIDs only implemented for interfaces!
 -> (artifact id: 'ea75ba17136c70809f779961ccbc8ed2') in 0.062728 seconds
Number of updated asset objects reloaded before import = 0
Number of asset objects unloaded after import = 2
========================================================================
Received Import Request.
  Time since last request: 0.000053 seconds.
  path: Assets/TextMesh Pro/Shaders/TMPro.cginc
  artifactKey: Guid(407bc68d299748449bbf7f48ee690f8d) Importer(2089858483,0ecaa5967403d082aa24f35e1b516d23)
Start importing Assets/TextMesh Pro/Shaders/TMPro.cginc using Guid(407bc68d299748449bbf7f48ee690f8d) Importer(2089858483,0ecaa5967403d082aa24f35e1b516d23) Generated GUIDs only implemented for interfaces!
 -> (artifact id: 'd5b8752dcaed469d0ed40f2b4346b62a') in 0.035631 seconds
Number of updated asset objects reloaded before import = 0
Number of asset objects unloaded after import = 1
========================================================================
Received Import Request.
  Time since last request: 0.000116 seconds.
  path: Assets/TextMesh Pro/Shaders/TMP_Bitmap-Custom-Atlas.shader
  artifactKey: Guid(48bb5f55d8670e349b6e614913f9d910) Importer(2089858483,0ecaa5967403d082aa24f35e1b516d23)
Start importing Assets/TextMesh Pro/Shaders/TMP_Bitmap-Custom-Atlas.shader using Guid(48bb5f55d8670e349b6e614913f9d910) Importer(2089858483,0ecaa5967403d082aa24f35e1b516d23) Generated GUIDs only implemented for interfaces!
 -> (artifact id: '9fa43ac9f108cc53d59dffde4e17eeb2') in 0.057528 seconds
Number of updated asset objects reloaded before import = 0
Number of asset objects unloaded after import = 1
========================================================================
Received Import Request.
  Time since last request: 0.000032 seconds.
  path: Assets/TextMesh Pro/Documentation
  artifactKey: Guid(8e7e8f5a82a3a134e91c54efd2274ea9) Importer(2089858483,0ecaa5967403d082aa24f35e1b516d23)
Start importing Assets/TextMesh Pro/Documentation using Guid(8e7e8f5a82a3a134e91c54efd2274ea9) Importer(2089858483,0ecaa5967403d082aa24f35e1b516d23) Generated GUIDs only implemented for interfaces!
 -> (artifact id: '676d2d1b267c80381689781074c933f9') in 0.028489 seconds
Number of updated asset objects reloaded before import = 0
Number of asset objects unloaded after import = 1
========================================================================
Received Import Request.
  Time since last request: 0.000126 seconds.
  path: Assets/TextMesh Pro/Fonts
  artifactKey: Guid(6ab70aee4d56447429c680537fbf93ed) Importer(2089858483,0ecaa5967403d082aa24f35e1b516d23)
Start importing Assets/TextMesh Pro/Fonts using Guid(6ab70aee4d56447429c680537fbf93ed) Importer(2089858483,0ecaa5967403d082aa24f35e1b516d23) Generated GUIDs only implemented for interfaces!
 -> (artifact id: 'a286adfe70c9ac90312766af52af7117') in 0.028305 seconds
Number of updated asset objects reloaded before import = 0
Number of asset objects unloaded after import = 1
========================================================================
Received Import Request.
  Time since last request: 0.000044 seconds.
  path: Assets/TextMesh Pro/Sprites/EmojiOne Attribution.txt
  artifactKey: Guid(381dcb09d5029d14897e55f98031fca5) Importer(2089858483,0ecaa5967403d082aa24f35e1b516d23)
Start importing Assets/TextMesh Pro/Sprites/EmojiOne Attribution.txt using Guid(381dcb09d5029d14897e55f98031fca5) Importer(2089858483,0ecaa5967403d082aa24f35e1b516d23) Generated GUIDs only implemented for interfaces!
 -> (artifact id: '90fe05882c409a0fffe0859ee5111a4b') in 0.033165 seconds
Number of updated asset objects reloaded before import = 0
Number of asset objects unloaded after import = 1
========================================================================
Received Import Request.
  Time since last request: 0.000063 seconds.
  path: Assets/TextMesh Pro/Shaders/TMPro_Surface.cginc
  artifactKey: Guid(d930090c0cd643c7b55f19a38538c162) Importer(2089858483,0ecaa5967403d082aa24f35e1b516d23)
Start importing Assets/TextMesh Pro/Shaders/TMPro_Surface.cginc using Guid(d930090c0cd643c7b55f19a38538c162) Importer(2089858483,0ecaa5967403d082aa24f35e1b516d23) Generated GUIDs only implemented for interfaces!
 -> (artifact id: 'ddf3c8fa2c90e078200208f52a0c9efe') in 0.031086 seconds
Number of updated asset objects reloaded before import = 0
Number of asset objects unloaded after import = 1
========================================================================
Received Import Request.
  Time since last request: 0.000051 seconds.
  path: Assets/FreeAssetOnInternet/ItchIo/VNB - Office Set/Materials/palette_2.mat
  artifactKey: Guid(7aa368f610f52bd46b88debe525b88ba) Importer(2089858483,0ecaa5967403d082aa24f35e1b516d23)
Start importing Assets/FreeAssetOnInternet/ItchIo/VNB - Office Set/Materials/palette_2.mat using Guid(7aa368f610f52bd46b88debe525b88ba) Importer(2089858483,0ecaa5967403d082aa24f35e1b516d23) Generated GUIDs only implemented for interfaces!
 -> (artifact id: '3110123bd633d54f5f1d356be3852a92') in 0.037980 seconds
Number of updated asset objects reloaded before import = 0
Number of asset objects unloaded after import = 2
========================================================================
Received Import Request.
  Time since last request: 0.000163 seconds.
  path: Assets/FreeAssetOnInternet/ItchIo/VNB - Office Set/Materials/paintings_3.mat
  artifactKey: Guid(4efe8bd0114916642b090674ca243a42) Importer(2089858483,0ecaa5967403d082aa24f35e1b516d23)
Start importing Assets/FreeAssetOnInternet/ItchIo/VNB - Office Set/Materials/paintings_3.mat using Guid(4efe8bd0114916642b090674ca243a42) Importer(2089858483,0ecaa5967403d082aa24f35e1b516d23) Generated GUIDs only implemented for interfaces!
 -> (artifact id: 'd4527c1e80b0399ae96417e896ba1e64') in 0.043311 seconds
Number of updated asset objects reloaded before import = 0
Number of asset objects unloaded after import = 2
========================================================================
Received Import Request.
  Time since last request: 0.000032 seconds.
  path: Assets/FreeAssetOnInternet/ItchIo/VNB - Office Set/Prefabs/Building/wall_medium.prefab
  artifactKey: Guid(9be99ee0c2686ef44bf420ce960b6598) Importer(2089858483,0ecaa5967403d082aa24f35e1b516d23)
Start importing Assets/FreeAssetOnInternet/ItchIo/VNB - Office Set/Prefabs/Building/wall_medium.prefab using Guid(9be99ee0c2686ef44bf420ce960b6598) Importer(2089858483,0ecaa5967403d082aa24f35e1b516d23) Generated GUIDs only implemented for interfaces!
 -> (artifact id: 'e5f9f4187e4b7b6dd6cef3325d0a83fa') in 0.043101 seconds
Number of updated asset objects reloaded before import = 0
Number of asset objects unloaded after import = 8
========================================================================
Received Import Request.
  Time since last request: 0.000054 seconds.
  path: Assets/FreeAssetOnInternet/ItchIo/VNB - Office Set/Prefabs/Furniture/counter_b_2.prefab
  artifactKey: Guid(67562ca15dae7f44087f6eb76468c6a3) Importer(2089858483,0ecaa5967403d082aa24f35e1b516d23)
Start importing Assets/FreeAssetOnInternet/ItchIo/VNB - Office Set/Prefabs/Furniture/counter_b_2.prefab using Guid(67562ca15dae7f44087f6eb76468c6a3) Importer(2089858483,0ecaa5967403d082aa24f35e1b516d23) Generated GUIDs only implemented for interfaces!
 -> (artifact id: '4e0c5c1de8df7d68281a1e76d5fdba6d') in 0.048658 seconds
Number of updated asset objects reloaded before import = 0
Number of asset objects unloaded after import = 19
========================================================================
Received Import Request.
  Time since last request: 0.000083 seconds.
  path: Assets/FreeAssetOnInternet/ItchIo/VNB - Office Set/Prefabs/Building/door_a.prefab
  artifactKey: Guid(38f068d20c4cae84ea6ce0135bff6c3a) Importer(2089858483,0ecaa5967403d082aa24f35e1b516d23)
Start importing Assets/FreeAssetOnInternet/ItchIo/VNB - Office Set/Prefabs/Building/door_a.prefab using Guid(38f068d20c4cae84ea6ce0135bff6c3a) Importer(2089858483,0ecaa5967403d082aa24f35e1b516d23) Generated GUIDs only implemented for interfaces!
 -> (artifact id: 'a7dc990e4c56f126485e1b0312450144') in 0.065105 seconds
Number of updated asset objects reloaded before import = 0
Number of asset objects unloaded after import = 51
========================================================================
Received Import Request.
  Time since last request: 0.000120 seconds.
  path: Assets/TextMesh Pro/Shaders/TMP_SDF-Mobile Overlay.shader
  artifactKey: Guid(a02a7d8c237544f1962732b55a9aebf1) Importer(2089858483,0ecaa5967403d082aa24f35e1b516d23)
Start importing Assets/TextMesh Pro/Shaders/TMP_SDF-Mobile Overlay.shader using Guid(a02a7d8c237544f1962732b55a9aebf1) Importer(2089858483,0ecaa5967403d082aa24f35e1b516d23) Generated GUIDs only implemented for interfaces!
 -> (artifact id: '175e05e4b835bfe1ad13e3d9a5cafaae') in 0.043126 seconds
Number of updated asset objects reloaded before import = 0
Number of asset objects unloaded after import = 1
========================================================================
Received Import Request.
  Time since last request: 0.000035 seconds.
  path: Assets/TextMesh Pro/Fonts/LiberationSans.ttf
  artifactKey: Guid(e3265ab4bf004d28a9537516768c1c75) Importer(2089858483,0ecaa5967403d082aa24f35e1b516d23)
Start importing Assets/TextMesh Pro/Fonts/LiberationSans.ttf using Guid(e3265ab4bf004d28a9537516768c1c75) Importer(2089858483,0ecaa5967403d082aa24f35e1b516d23) Generated GUIDs only implemented for interfaces!
 -> (artifact id: '0050e49f1534f9a28ce6d4d28a2dcdcd') in 0.050831 seconds
Number of updated asset objects reloaded before import = 0
Number of asset objects unloaded after import = 3
========================================================================
Received Import Request.
  Time since last request: 0.000041 seconds.
  path: Assets/TextMesh Pro/Resources/TMP Settings.asset
  artifactKey: Guid(3f5b5dff67a942289a9defa416b206f3) Importer(2089858483,0ecaa5967403d082aa24f35e1b516d23)
Start importing Assets/TextMesh Pro/Resources/TMP Settings.asset using Guid(3f5b5dff67a942289a9defa416b206f3) Importer(2089858483,0ecaa5967403d082aa24f35e1b516d23) Generated GUIDs only implemented for interfaces!
 -> (artifact id: 'd1103e29b23c75c8aba63fde6101341a') in 0.112557 seconds
Number of updated asset objects reloaded before import = 0
Number of asset objects unloaded after import = 15
========================================================================
Received Import Request.
  Time since last request: 0.000046 seconds.
  path: Assets/FreeAssetOnInternet/ItchIo/VNB - Office Set/Prefabs/Furniture/small_whiteboard.prefab
  artifactKey: Guid(bbbf61090fb8c064789785c8a7727b89) Importer(2089858483,0ecaa5967403d082aa24f35e1b516d23)
Start importing Assets/FreeAssetOnInternet/ItchIo/VNB - Office Set/Prefabs/Furniture/small_whiteboard.prefab using Guid(bbbf61090fb8c064789785c8a7727b89) Importer(2089858483,0ecaa5967403d082aa24f35e1b516d23) Generated GUIDs only implemented for interfaces!
 -> (artifact id: '061cb528841f4c719d43f950a114ed51') in 0.035968 seconds
Number of updated asset objects reloaded before import = 0
Number of asset objects unloaded after import = 32
========================================================================
Received Import Request.
  Time since last request: 0.000099 seconds.
  path: Assets/FreeAssetOnInternet/ItchIo/VNB - Office Set/Prefabs/Furniture/counter_b_3.prefab
  artifactKey: Guid(892c94c275073c4438c25b37549a5fae) Importer(2089858483,0ecaa5967403d082aa24f35e1b516d23)
Start importing Assets/FreeAssetOnInternet/ItchIo/VNB - Office Set/Prefabs/Furniture/counter_b_3.prefab using Guid(892c94c275073c4438c25b37549a5fae) Importer(2089858483,0ecaa5967403d082aa24f35e1b516d23) Generated GUIDs only implemented for interfaces!
 -> (artifact id: '18684aabf6c0e6d5a16e8d1197b33b3e') in 0.042646 seconds
Number of updated asset objects reloaded before import = 0
Number of asset objects unloaded after import = 19
========================================================================
Received Import Request.
  Time since last request: 0.000039 seconds.
  path: Assets/FreeAssetOnInternet/ItchIo/VNB - Office Set/Prefabs/Building/wall_medium_door_frame.prefab
  artifactKey: Guid(e417b1ac7ffd3b44a854dace85f01b95) Importer(2089858483,0ecaa5967403d082aa24f35e1b516d23)
Start importing Assets/FreeAssetOnInternet/ItchIo/VNB - Office Set/Prefabs/Building/wall_medium_door_frame.prefab using Guid(e417b1ac7ffd3b44a854dace85f01b95) Importer(2089858483,0ecaa5967403d082aa24f35e1b516d23) Generated GUIDs only implemented for interfaces!
 -> (artifact id: 'df5614005141e6aa8e38626c28d31d76') in 0.036925 seconds
Number of updated asset objects reloaded before import = 0
Number of asset objects unloaded after import = 13
========================================================================
Received Import Request.
  Time since last request: 0.000041 seconds.
  path: Assets/TextMesh Pro/Sprites
  artifactKey: Guid(d0603b6d5186471b96c778c3949c7ce2) Importer(2089858483,0ecaa5967403d082aa24f35e1b516d23)
Start importing Assets/TextMesh Pro/Sprites using Guid(d0603b6d5186471b96c778c3949c7ce2) Importer(2089858483,0ecaa5967403d082aa24f35e1b516d23) Generated GUIDs only implemented for interfaces!
 -> (artifact id: '31a5b2aee014f9690bf3c462077a2bcd') in 0.031239 seconds
Number of updated asset objects reloaded before import = 0
Number of asset objects unloaded after import = 1
========================================================================
Received Import Request.
  Time since last request: 0.000065 seconds.
  path: Assets/TextMesh Pro/Resources/Fonts & Materials/LiberationSans SDF.asset
  artifactKey: Guid(8f586378b4e144a9851e7b34d9b748ee) Importer(2089858483,0ecaa5967403d082aa24f35e1b516d23)
Start importing Assets/TextMesh Pro/Resources/Fonts & Materials/LiberationSans SDF.asset using Guid(8f586378b4e144a9851e7b34d9b748ee) Importer(2089858483,0ecaa5967403d082aa24f35e1b516d23) Generated GUIDs only implemented for interfaces!
 -> (artifact id: 'cd9acfd2645a614b7a42b6af3cbf8726') in 0.083683 seconds
Number of updated asset objects reloaded before import = 0
Number of asset objects unloaded after import = 8
========================================================================
Received Import Request.
  Time since last request: 0.000071 seconds.
  path: Assets/FreeAssetOnInternet/ItchIo/VNB - Office Set/Prefabs/Deco/alcohol_dispenser_a.prefab
  artifactKey: Guid(3b58de21bc2305149974176161893e51) Importer(2089858483,0ecaa5967403d082aa24f35e1b516d23)
Start importing Assets/FreeAssetOnInternet/ItchIo/VNB - Office Set/Prefabs/Deco/alcohol_dispenser_a.prefab using Guid(3b58de21bc2305149974176161893e51) Importer(2089858483,0ecaa5967403d082aa24f35e1b516d23) Generated GUIDs only implemented for interfaces!
 -> (artifact id: '4552ddb0ce2c1afdd6c77fdf88205d27') in 0.055560 seconds
Number of updated asset objects reloaded before import = 0
Number of asset objects unloaded after import = 21
========================================================================
Received Import Request.
  Time since last request: 0.000062 seconds.
  path: Assets/FreeAssetOnInternet/ItchIo/VNB - Office Set/Prefabs/Deco/pile_of_books.prefab
  artifactKey: Guid(55c05a96910d245479fb25fd5bb4097c) Importer(2089858483,0ecaa5967403d082aa24f35e1b516d23)
Start importing Assets/FreeAssetOnInternet/ItchIo/VNB - Office Set/Prefabs/Deco/pile_of_books.prefab using Guid(55c05a96910d245479fb25fd5bb4097c) Importer(2089858483,0ecaa5967403d082aa24f35e1b516d23) Generated GUIDs only implemented for interfaces!
 -> (artifact id: '0cd2bc81a4efd59d6119915303e02232') in 0.039602 seconds
Number of updated asset objects reloaded before import = 0
Number of asset objects unloaded after import = 26
========================================================================
Received Import Request.
  Time since last request: 0.000103 seconds.
  path: Assets/FreeAssetOnInternet/ItchIo/VNB - Office Set/Prefabs/Furniture/shelf_box.prefab
  artifactKey: Guid(e7f65dd45ef89dc4fb6d5db55058f16d) Importer(2089858483,0ecaa5967403d082aa24f35e1b516d23)
Start importing Assets/FreeAssetOnInternet/ItchIo/VNB - Office Set/Prefabs/Furniture/shelf_box.prefab using Guid(e7f65dd45ef89dc4fb6d5db55058f16d) Importer(2089858483,0ecaa5967403d082aa24f35e1b516d23) Generated GUIDs only implemented for interfaces!
 -> (artifact id: 'dc734caaa106ade8f1e4d44215882708') in 0.052630 seconds
Number of updated asset objects reloaded before import = 0
Number of asset objects unloaded after import = 8
========================================================================
Received Import Request.
  Time since last request: 0.000047 seconds.
  path: Assets/FreeAssetOnInternet/ItchIo/VNB - Office Set/Prefabs/Food/cup_filled.prefab
  artifactKey: Guid(9ee8253bd55f4114ea5a99f7ecb93391) Importer(2089858483,0ecaa5967403d082aa24f35e1b516d23)
Start importing Assets/FreeAssetOnInternet/ItchIo/VNB - Office Set/Prefabs/Food/cup_filled.prefab using Guid(9ee8253bd55f4114ea5a99f7ecb93391) Importer(2089858483,0ecaa5967403d082aa24f35e1b516d23) Generated GUIDs only implemented for interfaces!
 -> (artifact id: '229b698ec297b7f7262cf90c459830f3') in 0.039294 seconds
Number of updated asset objects reloaded before import = 0
Number of asset objects unloaded after import = 7
========================================================================
Received Import Request.
  Time since last request: 0.000044 seconds.
  path: Assets/FreeAssetOnInternet/ItchIo/VNB - Office Set/Materials/board_doc_2.mat
  artifactKey: Guid(e1ac93941eb63c84cb8599b1a331a5b4) Importer(2089858483,0ecaa5967403d082aa24f35e1b516d23)
Start importing Assets/FreeAssetOnInternet/ItchIo/VNB - Office Set/Materials/board_doc_2.mat using Guid(e1ac93941eb63c84cb8599b1a331a5b4) Importer(2089858483,0ecaa5967403d082aa24f35e1b516d23) Generated GUIDs only implemented for interfaces!
 -> (artifact id: '1d4fd620e4ca1c3788012534a40d8298') in 0.035257 seconds
Number of updated asset objects reloaded before import = 0
Number of asset objects unloaded after import = 2
========================================================================
Received Import Request.
  Time since last request: 0.000030 seconds.
  path: Assets/TextMesh Pro/Shaders/TMP_Bitmap-Mobile.shader
  artifactKey: Guid(1e3b057af24249748ff873be7fafee47) Importer(2089858483,0ecaa5967403d082aa24f35e1b516d23)
Start importing Assets/TextMesh Pro/Shaders/TMP_Bitmap-Mobile.shader using Guid(1e3b057af24249748ff873be7fafee47) Importer(2089858483,0ecaa5967403d082aa24f35e1b516d23) Generated GUIDs only implemented for interfaces!
 -> (artifact id: 'ad8182a2a89e2ea73b97155bf9dfa562') in 0.033240 seconds
Number of updated asset objects reloaded before import = 0
Number of asset objects unloaded after import = 1
========================================================================
Received Import Request.
  Time since last request: 0.000043 seconds.
  path: Assets/FreeAssetOnInternet/ItchIo/VNB - Office Set/Prefabs/Furniture/shelf_alternative_1.prefab
  artifactKey: Guid(10fb39104f2573c41b611b9d2e2415df) Importer(2089858483,0ecaa5967403d082aa24f35e1b516d23)
Start importing Assets/FreeAssetOnInternet/ItchIo/VNB - Office Set/Prefabs/Furniture/shelf_alternative_1.prefab using Guid(10fb39104f2573c41b611b9d2e2415df) Importer(2089858483,0ecaa5967403d082aa24f35e1b516d23) Generated GUIDs only implemented for interfaces!
 -> (artifact id: '26e249d971b5c3ab0de668af6bee2163') in 0.048682 seconds
Number of updated asset objects reloaded before import = 0
Number of asset objects unloaded after import = 30
========================================================================
Received Import Request.
  Time since last request: 0.000085 seconds.
  path: Assets/TextMesh Pro/Resources
  artifactKey: Guid(243e06394e614e5d99fab26083b707fa) Importer(2089858483,0ecaa5967403d082aa24f35e1b516d23)
Start importing Assets/TextMesh Pro/Resources using Guid(243e06394e614e5d99fab26083b707fa) Importer(2089858483,0ecaa5967403d082aa24f35e1b516d23) Generated GUIDs only implemented for interfaces!
 -> (artifact id: 'b83ca31acf37bdfbc2fcf70833f3b0b9') in 0.026481 seconds
Number of updated asset objects reloaded before import = 0
Number of asset objects unloaded after import = 1
========================================================================
Received Import Request.
  Time since last request: 0.000111 seconds.
  path: Assets/FreeAssetOnInternet/ItchIo/VNB - Office Set/Prefabs/Deco/book_stp.prefab
  artifactKey: Guid(28b61bab118a92d43b946cc4e578e1ad) Importer(2089858483,0ecaa5967403d082aa24f35e1b516d23)
Start importing Assets/FreeAssetOnInternet/ItchIo/VNB - Office Set/Prefabs/Deco/book_stp.prefab using Guid(28b61bab118a92d43b946cc4e578e1ad) Importer(2089858483,0ecaa5967403d082aa24f35e1b516d23) Generated GUIDs only implemented for interfaces!
 -> (artifact id: '3901bf8b5c4a3d1cfb0a38f74ad64c4e') in 0.041768 seconds
Number of updated asset objects reloaded before import = 0
Number of asset objects unloaded after import = 8
========================================================================
Received Import Request.
  Time since last request: 0.000065 seconds.
  path: Assets/FreeAssetOnInternet/ItchIo/VNB - Office Set/Materials/paintings_4.mat
  artifactKey: Guid(cb0abfc3cd89025468e7b5343468975a) Importer(2089858483,0ecaa5967403d082aa24f35e1b516d23)
Start importing Assets/FreeAssetOnInternet/ItchIo/VNB - Office Set/Materials/paintings_4.mat using Guid(cb0abfc3cd89025468e7b5343468975a) Importer(2089858483,0ecaa5967403d082aa24f35e1b516d23) Generated GUIDs only implemented for interfaces!
 -> (artifact id: 'dda8c1721ff3c2117d41b683dd9f4685') in 0.036648 seconds
Number of updated asset objects reloaded before import = 0
Number of asset objects unloaded after import = 2
========================================================================
Received Import Request.
  Time since last request: 0.000051 seconds.
  path: Assets/FreeAssetOnInternet/ItchIo/VNB - Office Set/Materials/board_doc_3.mat
  artifactKey: Guid(650ef577b39680645b3e79c272c840b2) Importer(2089858483,0ecaa5967403d082aa24f35e1b516d23)
Start importing Assets/FreeAssetOnInternet/ItchIo/VNB - Office Set/Materials/board_doc_3.mat using Guid(650ef577b39680645b3e79c272c840b2) Importer(2089858483,0ecaa5967403d082aa24f35e1b516d23) Generated GUIDs only implemented for interfaces!
 -> (artifact id: 'ffca3aef10d568bbfe08076ece83c9f1') in 0.037026 seconds
Number of updated asset objects reloaded before import = 0
Number of asset objects unloaded after import = 2
========================================================================
Received Import Request.
  Time since last request: 0.000080 seconds.
  path: Assets/FreeAssetOnInternet/ItchIo/VNB - Office Set
  artifactKey: Guid(51c9a30df95eccb48bc7f097931f6994) Importer(2089858483,0ecaa5967403d082aa24f35e1b516d23)
Start importing Assets/FreeAssetOnInternet/ItchIo/VNB - Office Set using Guid(51c9a30df95eccb48bc7f097931f6994) Importer(2089858483,0ecaa5967403d082aa24f35e1b516d23) Generated GUIDs only implemented for interfaces!
 -> (artifact id: '9de44f5450867e0ed41fe495e105cd46') in 0.030534 seconds
Number of updated asset objects reloaded before import = 0
Number of asset objects unloaded after import = 1
========================================================================
Received Import Request.
  Time since last request: 0.000029 seconds.
  path: Assets/FreeAssetOnInternet/ItchIo/VNB - Office Set/Textures
  artifactKey: Guid(0d455d938203ab646bd68fe815a03596) Importer(2089858483,0ecaa5967403d082aa24f35e1b516d23)
Start importing Assets/FreeAssetOnInternet/ItchIo/VNB - Office Set/Textures using Guid(0d455d938203ab646bd68fe815a03596) Importer(2089858483,0ecaa5967403d082aa24f35e1b516d23) Generated GUIDs only implemented for interfaces!
 -> (artifact id: '1cd6635327bb6ee1c51cc6c3d3702ffb') in 0.036849 seconds
Number of updated asset objects reloaded before import = 0
Number of asset objects unloaded after import = 1
========================================================================
Received Import Request.
  Time since last request: 0.000041 seconds.
  path: Assets/FreeAssetOnInternet/ItchIo/VNB - Office Set/Models
  artifactKey: Guid(0c88d8ad55f92de42b1c77e61455da0d) Importer(2089858483,0ecaa5967403d082aa24f35e1b516d23)
Start importing Assets/FreeAssetOnInternet/ItchIo/VNB - Office Set/Models using Guid(0c88d8ad55f92de42b1c77e61455da0d) Importer(2089858483,0ecaa5967403d082aa24f35e1b516d23) Generated GUIDs only implemented for interfaces!
 -> (artifact id: '1bbe1250c6c3bafd3f4e5987ed2bc196') in 0.030535 seconds
Number of updated asset objects reloaded before import = 0
Number of asset objects unloaded after import = 1
========================================================================
Received Import Request.
  Time since last request: 0.000043 seconds.
  path: Assets/TextMesh Pro/Resources/Sprite Assets
  artifactKey: Guid(512a49d95c0c4332bdd98131869c23c9) Importer(2089858483,0ecaa5967403d082aa24f35e1b516d23)
Start importing Assets/TextMesh Pro/Resources/Sprite Assets using Guid(512a49d95c0c4332bdd98131869c23c9) Importer(2089858483,0ecaa5967403d082aa24f35e1b516d23) Generated GUIDs only implemented for interfaces!
 -> (artifact id: '3398c000eb20e6b0121d120afad1bb0b') in 0.031848 seconds
Number of updated asset objects reloaded before import = 0
Number of asset objects unloaded after import = 1
========================================================================
Received Import Request.
  Time since last request: 0.000075 seconds.
  path: Assets/FreeAssetOnInternet/ItchIo/VNB - Office Set/Prefabs/Deco/marker.prefab
  artifactKey: Guid(9eb5b2920eb768d48998ebfeb31de24a) Importer(2089858483,0ecaa5967403d082aa24f35e1b516d23)
Start importing Assets/FreeAssetOnInternet/ItchIo/VNB - Office Set/Prefabs/Deco/marker.prefab using Guid(9eb5b2920eb768d48998ebfeb31de24a) Importer(2089858483,0ecaa5967403d082aa24f35e1b516d23) Generated GUIDs only implemented for interfaces!
 -> (artifact id: '18c3abdc5ed472add29dd0490699f57b') in 0.034408 seconds
Number of updated asset objects reloaded before import = 0
Number of asset objects unloaded after import = 8
========================================================================
Received Import Request.
  Time since last request: 0.000037 seconds.
  path: Assets/FreeAssetOnInternet/ItchIo/VNB - Office Set/Materials/paintings_2.mat
  artifactKey: Guid(9fe5e72a0fbe6914e83eac7c9af908b3) Importer(2089858483,0ecaa5967403d082aa24f35e1b516d23)
Start importing Assets/FreeAssetOnInternet/ItchIo/VNB - Office Set/Materials/paintings_2.mat using Guid(9fe5e72a0fbe6914e83eac7c9af908b3) Importer(2089858483,0ecaa5967403d082aa24f35e1b516d23) Generated GUIDs only implemented for interfaces!
 -> (artifact id: '6b4035ef30b6e4b0709ea1f279bc9a41') in 0.038908 seconds
Number of updated asset objects reloaded before import = 0
Number of asset objects unloaded after import = 2
========================================================================
Received Import Request.
  Time since last request: 0.000069 seconds.
  path: Assets/TextMesh Pro/Shaders/TMP_SDF-Surface-Mobile.shader
  artifactKey: Guid(85187c2149c549c5b33f0cdb02836b17) Importer(2089858483,0ecaa5967403d082aa24f35e1b516d23)
Start importing Assets/TextMesh Pro/Shaders/TMP_SDF-Surface-Mobile.shader using Guid(85187c2149c549c5b33f0cdb02836b17) Importer(2089858483,0ecaa5967403d082aa24f35e1b516d23) Generated GUIDs only implemented for interfaces!
 -> (artifact id: 'b5accce735c559e475cd3f85847a7c9b') in 0.037126 seconds
Number of updated asset objects reloaded before import = 0
Number of asset objects unloaded after import = 1
========================================================================
Received Import Request.
  Time since last request: 0.000040 seconds.
  path: Assets/FreeAssetOnInternet/ItchIo/VNB - Office Set/Prefabs/Deco/sticky_note_a.prefab
  artifactKey: Guid(e89ed595c8c963641b78ef816d150d4b) Importer(2089858483,0ecaa5967403d082aa24f35e1b516d23)
Start importing Assets/FreeAssetOnInternet/ItchIo/VNB - Office Set/Prefabs/Deco/sticky_note_a.prefab using Guid(e89ed595c8c963641b78ef816d150d4b) Importer(2089858483,0ecaa5967403d082aa24f35e1b516d23) Generated GUIDs only implemented for interfaces!
 -> (artifact id: 'dbb8871b386a298299190c0a10acdf9f') in 0.047007 seconds
Number of updated asset objects reloaded before import = 0
Number of asset objects unloaded after import = 7
========================================================================
Received Import Request.
  Time since last request: 0.000033 seconds.
  path: Assets/TextMesh Pro
  artifactKey: Guid(f54d1bd14bd3ca042bd867b519fee8cc) Importer(2089858483,0ecaa5967403d082aa24f35e1b516d23)
Start importing Assets/TextMesh Pro using Guid(f54d1bd14bd3ca042bd867b519fee8cc) Importer(2089858483,0ecaa5967403d082aa24f35e1b516d23) Generated GUIDs only implemented for interfaces!
 -> (artifact id: 'cf4de2122c0657c2565fc48d653b4852') in 0.031498 seconds
Number of updated asset objects reloaded before import = 0
Number of asset objects unloaded after import = 1
Editor requested this worker to shutdown with reason: Scaling down because of idle timeout
TcpMessagingSession - receive error: operation aborted. errorcode: 995, details: The I/O operation has been aborted because of either a thread exit or an application request.
AssetImportWorker is now disconnected from the server
Process exiting
Exiting without the bug reporter. Application will terminate with return code 0